生成启动时间为 2014-04-28 09:24:10。
     1>项目“D:\win7我的文档-桌面-收藏夹\Desktop\DEMO\FPCLOCK_Sample\FPCLOCK_Sample\FPCLOCK_Sample.vcxproj”在节点 2 上(build 个目标)。
       项目文件包含 ToolsVersion="12.0" 设置，而此版本的 MSBuild 不支持该工具版本。该项目将视为包含 ToolsVersion="4.0" 设置。
     1>InitializeBuildStatus:
         正在创建“Debug\FPCLOCK_ser_Sample.unsuccessfulbuild”，因为已指定“AlwaysCreate”。
       ClCompile:
         所有输出均为最新。
         e:\Microsoft Visual Studio 10.0\VC\bin\CL.exe /c /ZI /nologo /W3 /WX- /Od /Oy- /D WIN32 /D _WINDOWS /D _DEBUG /D _UNICODE /D UNICODE /D _AFXDLL /Gm /EHsc /RTC1 /MDd /GS /fp:precise /Zc:wchar_t /Zc:forScope /Yu"StdAfx.h" /Fp"Debug\FPCLOCK_ser_Sample.pch" /Fo"Debug\\" /Fd"Debug\vc100.pdb" /Gd /TP /analyze- /errorReport:prompt FPCLOCK_Sample.cpp FPCLOCK_SampleDlg.cpp fpclocksvrctrl1.cpp
         FPCLOCK_SampleDlg.cpp
         FPCLOCK_Sample.cpp
         正在生成代码...
         正在跳过...(未检测到相关更改)
         fpclocksvrctrl1.cpp
       ResourceCompile:
         C:\Program Files (x86)\Microsoft SDKs\Windows\v7.0A\bin\rc.exe /D _DEBUG /D _UNICODE /D UNICODE /D _AFXDLL /l"0x0409" /IDebug\ /nologo /fo"Debug\FPCLOCK_Sample.res" FPCLOCK_Sample.rc 
       ManifestResourceCompile:
         所有输出均为最新。
       Link:
         e:\Microsoft Visual Studio 10.0\VC\bin\link.exe /ERRORREPORT:PROMPT /OUT:"D:\win7我的文档-桌面-收藏夹\Desktop\DEMO\FPCLOCK_Sample\FPCLOCK_Sample\Debug\FPCLOCK_ser_Sample.exe" /INCREMENTAL /NOLOGO /MANIFEST /ManifestFile:"Debug\FPCLOCK_ser_Sample.exe.intermediate.manifest" /MANIFESTUAC:"level='asInvoker' uiAccess='false'" /DEBUG /PDB:"D:\win7我的文档-桌面-收藏夹\Desktop\DEMO\FPCLOCK_Sample\FPCLOCK_Sample\Debug\FPCLOCK_ser_Sample.pdb" /SUBSYSTEM:WINDOWS /TLBID:1 /ENTRY:"wWinMainCRTStartup" /DYNAMICBASE /NXCOMPAT /IMPLIB:"D:\win7我的文档-桌面-收藏夹\Desktop\DEMO\FPCLOCK_Sample\FPCLOCK_Sample\Debug\FPCLOCK_ser_Sample.lib" /MACHINE:X86 Debug\FPCLOCK_Sample.res
         Debug\FPCLOCK_ser_Sample.exe.embed.manifest.res
         Debug\fpclocksvrctrl1.obj
         Debug\FPCLOCK_Sample.obj
         Debug\FPCLOCK_SampleDlg.obj
         Debug\stdafx.obj
       Manifest:
         C:\Program Files (x86)\Microsoft SDKs\Windows\v7.0A\bin\mt.exe /nologo /verbose /out:"Debug\FPCLOCK_ser_Sample.exe.embed.manifest" /manifest Debug\FPCLOCK_ser_Sample.exe.intermediate.manifest "e:\Microsoft Visual Studio 10.0\VC\Include\Manifest\dpiaware.manifest"
         所有输出均为最新。
       LinkEmbedManifest:
         所有输出均为最新。
         FPCLOCK_Sample.vcxproj -> D:\win7我的文档-桌面-收藏夹\Desktop\DEMO\FPCLOCK_Sample\FPCLOCK_Sample\Debug\FPCLOCK_ser_Sample.exe
       FinalizeBuildStatus:
         正在删除文件“Debug\FPCLOCK_ser_Sample.unsuccessfulbuild”。
         正在对“Debug\FPCLOCK_ser_Sample.lastbuildstate”执行 Touch 任务。
     1>已完成生成项目“D:\win7我的文档-桌面-收藏夹\Desktop\DEMO\FPCLOCK_Sample\FPCLOCK_Sample\FPCLOCK_Sample.vcxproj”(build 个目标)的操作。

生成成功。

已用时间 00:00:02.88
