生成启动时间为 2014-04-29 16:01:23。
     1>项目“D:\win7我的文档-桌面-收藏夹\Desktop\TH主板DEMO_C++\FP_CLOCK_SAMPLE_v2\OEMClient.vcxproj”在节点 2 上(build 个目标)。
       项目文件包含 ToolsVersion="12.0" 设置，而此版本的 MSBuild 不支持该工具版本。该项目将视为包含 ToolsVersion="4.0" 设置。
     1>InitializeBuildStatus:
         正在创建“.\Debug\OEMClient.unsuccessfulbuild”，因为已指定“AlwaysCreate”。
       ClCompile:
         e:\Microsoft Visual Studio 10.0\VC\bin\CL.exe /c /ZI /nologo /W3 /WX- /Od /Oy- /D WIN32 /D _DEBUG /D _WINDOWS /D _VC80_UPGRADE=0x0600 /D _UNICODE /D UNICODE /D _AFXDLL /Gm /EHsc /RTC1 /MDd /GS /Gy- /fp:precise /Zc:wchar_t /Zc:forScope /GR /Yc"stdafx.h" /Fp".\Debug\OEMClient.pch" /Fo".\Debug\\" /Fd".\Debug\vc100.pdb" /FR".\Debug\\" /Gd /TP /analyze- /errorReport:prompt StdAfx.cpp
         StdAfx.cpp
         _WIN32_WINNT not defined. Defaulting to _WIN32_WINNT_MAXVER (see WinSDKVer.h)
         e:\Microsoft Visual Studio 10.0\VC\bin\CL.exe /c /ZI /nologo /W3 /WX- /Od /Oy- /D WIN32 /D _DEBUG /D _WINDOWS /D _VC80_UPGRADE=0x0600 /D _UNICODE /D UNICODE /D _AFXDLL /Gm /EHsc /RTC1 /MDd /GS /Gy- /fp:precise /Zc:wchar_t /Zc:forScope /GR /Yu"stdafx.h" /Fp".\Debug\OEMClient.pch" /Fo".\Debug\\" /Fd".\Debug\vc100.pdb" /FR".\Debug\\" /Gd /TP /analyze- /errorReport:prompt BellSetting.cpp DeviceSn.cpp Doorctrl.cpp EnrollManage.cpp LogDataManage.cpp OEMClient.cpp OEMClientDlg.cpp SetPasstime.cpp SysInfo.cpp common.cpp fp_clockctrl1.cpp
         fp_clockctrl1.cpp
         SetPasstime.cpp
         OEMClientDlg.cpp
         LogDataManage.cpp
     1>d:\win7我的文档-桌面-收藏夹\desktop\th主板demo_c++\fp_clock_sample_v2\logdatamanage.cpp(195): warning C4996: '_swprintf': This function or variable may be unsafe. Consider using _swprintf_s instead. To disable deprecation, use _CRT_SECURE_NO_WARNINGS. See online help for details.
                 e:\microsoft visual studio 10.0\vc\include\wchar.h(761) : 参见“_swprintf”的声明
     1>d:\win7我的文档-桌面-收藏夹\desktop\th主板demo_c++\fp_clock_sample_v2\logdatamanage.cpp(354): warning C4996: '_swprintf': This function or variable may be unsafe. Consider using _swprintf_s instead. To disable deprecation, use _CRT_SECURE_NO_WARNINGS. See online help for details.
                 e:\microsoft visual studio 10.0\vc\include\wchar.h(761) : 参见“_swprintf”的声明
     1>d:\win7我的文档-桌面-收藏夹\desktop\th主板demo_c++\fp_clock_sample_v2\logdatamanage.cpp(540): warning C4996: '_swprintf': This function or variable may be unsafe. Consider using _swprintf_s instead. To disable deprecation, use _CRT_SECURE_NO_WARNINGS. See online help for details.
                 e:\microsoft visual studio 10.0\vc\include\wchar.h(761) : 参见“_swprintf”的声明
     1>d:\win7我的文档-桌面-收藏夹\desktop\th主板demo_c++\fp_clock_sample_v2\logdatamanage.cpp(676): warning C4996: '_swprintf': This function or variable may be unsafe. Consider using _swprintf_s instead. To disable deprecation, use _CRT_SECURE_NO_WARNINGS. See online help for details.
                 e:\microsoft visual studio 10.0\vc\include\wchar.h(761) : 参见“_swprintf”的声明
     1>d:\win7我的文档-桌面-收藏夹\desktop\th主板demo_c++\fp_clock_sample_v2\logdatamanage.cpp(848): warning C4996: '_swprintf': This function or variable may be unsafe. Consider using _swprintf_s instead. To disable deprecation, use _CRT_SECURE_NO_WARNINGS. See online help for details.
                 e:\microsoft visual studio 10.0\vc\include\wchar.h(761) : 参见“_swprintf”的声明
         EnrollManage.cpp
     1>d:\win7我的文档-桌面-收藏夹\desktop\th主板demo_c++\fp_clock_sample_v2\enrollmanage.cpp(16): warning C4995: “CDaoDatabase”: 名称被标记为 #pragma deprecated
     1>d:\win7我的文档-桌面-收藏夹\desktop\th主板demo_c++\fp_clock_sample_v2\enrollmanage.cpp(17): warning C4995: “CDaoRecordset”: 名称被标记为 #pragma deprecated
     1>d:\win7我的文档-桌面-收藏夹\desktop\th主板demo_c++\fp_clock_sample_v2\enrollmanage.cpp(837): warning C4996: 'wcscpy': This function or variable may be unsafe. Consider using wcscpy_s instead. To disable deprecation, use _CRT_SECURE_NO_WARNINGS. See online help for details.
                 e:\microsoft visual studio 10.0\vc\include\string.h(283) : 参见“wcscpy”的声明
         正在生成代码...
         正在跳过...(未检测到相关更改)
         common.cpp
         SysInfo.cpp
         OEMClient.cpp
         Doorctrl.cpp
         DeviceSn.cpp
         BellSetting.cpp
       ResourceCompile:
         所有输出均为最新。
       ManifestResourceCompile:
         所有输出均为最新。
       Link:
         e:\Microsoft Visual Studio 10.0\VC\bin\link.exe /ERRORREPORT:PROMPT /OUT:".\Debug\OEMClient.exe" /INCREMENTAL /NOLOGO /MANIFEST /ManifestFile:".\Debug\OEMClient.exe.intermediate.manifest" /MANIFESTUAC:"level='asInvoker' uiAccess='false'" /DEBUG /PDB:"D:\win7我的文档-桌面-收藏夹\Desktop\TH主板DEMO_C++\FP_CLOCK_SAMPLE_v2\Debug\OEMClient.pdb" /SUBSYSTEM:WINDOWS /TLBID:1 /ENTRY:"wWinMainCRTStartup" /DYNAMICBASE /NXCOMPAT /IMPLIB:".\Debug\OEMClient.lib" /MACHINE:X86 .\Debug\OEMClient.res
         .\Debug\OEMClient.exe.embed.manifest.res
         .\Debug\BellSetting.obj
         .\Debug\common.obj
         .\Debug\DeviceSn.obj
         .\Debug\Doorctrl.obj
         .\Debug\EnrollManage.obj
         .\Debug\fp_clockctrl1.obj
         .\Debug\LogDataManage.obj
         .\Debug\SetPasstime.obj
         .\Debug\StdAfx.obj
         .\Debug\SysInfo.obj
         .\Debug\OEMClient.obj
         .\Debug\OEMClientDlg.obj
       Manifest:
         C:\Program Files (x86)\Microsoft SDKs\Windows\v7.0A\bin\mt.exe /nologo /verbose /out:".\Debug\OEMClient.exe.embed.manifest" /manifest .\Debug\OEMClient.exe.intermediate.manifest "e:\Microsoft Visual Studio 10.0\VC\Include\Manifest\dpiaware.manifest"
         所有输出均为最新。
       LinkEmbedManifest:
         所有输出均为最新。
         OEMClient.vcxproj -> D:\win7我的文档-桌面-收藏夹\Desktop\TH主板DEMO_C++\FP_CLOCK_SAMPLE_v2\.\Debug\OEMClient.exe
       BscMake:
         e:\Microsoft Visual Studio 10.0\VC\bin\bscmake.exe /nologo /o".\Debug\OEMClient.bsc" .\Debug\BellSetting.sbr .\Debug\common.sbr .\Debug\DeviceSn.sbr .\Debug\Doorctrl.sbr .\Debug\EnrollManage.sbr .\Debug\fp_clockctrl1.sbr .\Debug\LogDataManage.sbr .\Debug\SetPasstime.sbr .\Debug\StdAfx.sbr .\Debug\SysInfo.sbr .\Debug\OEMClient.sbr .\Debug\OEMClientDlg.sbr
       FinalizeBuildStatus:
         正在删除文件“.\Debug\OEMClient.unsuccessfulbuild”。
         正在对“.\Debug\OEMClient.lastbuildstate”执行 Touch 任务。
     1>已完成生成项目“D:\win7我的文档-桌面-收藏夹\Desktop\TH主板DEMO_C++\FP_CLOCK_SAMPLE_v2\OEMClient.vcxproj”(build 个目标)的操作。

生成成功。

已用时间 00:00:36.78
